[TIMESTAMP : 1751369257 ] PORT 8085: GET /index.html HTTP/1.1
Host: localhost:8085
Connection: keep-alive
sec-ch-ua: "Google Chrome";v="137", "Chromium";v="137", "Not/A)Brand";v="24"
sec-ch-ua-mobile: ?0
sec-ch-ua-platform: "macOS"
Upgrade-Insecure-Requests: 1
User-Agent: Mozilla/5.0 (Macintosh; Intel Mac OS X 10_15_7) AppleWebKit/537.36 (KHTML, like Gecko) Chrome/137.0.0.0 Safari/537.36
Accept: text/html,application/xhtml+xml,application/xml;q=0.9,image/avif,image/webp,image/apng,*/*;q=0.8,application/signed-exchange;v=b3;q=0.7
Sec-Fetch-Site: none
Sec-Fetch-Mode: navigate
Sec-Fetch-User: ?1
Sec-Fetch-Dest: document
Accept-Encoding: gzip, deflate, br, zstd
Accept-Language: en-GB,en-US;q=0.9,en;q=0.8


[TIMESTAMP : 1751369258 ] PORT 8085: 
[TIMESTAMP : 2025-07-01 13:28:14 ] PORT 8085: GET /index.html HTTP/1.1
Host: localhost:8085
Connection: keep-alive
Cache-Control: max-age=0
sec-ch-ua: "Google Chrome";v="137", "Chromium";v="137", "Not/A)Brand";v="24"
sec-ch-ua-mobile: ?0
sec-ch-ua-platform: "macOS"
Upgrade-Insecure-Requests: 1
User-Agent: Mozilla/5.0 (Macintosh; Intel Mac OS X 10_15_7) AppleWebKit/537.36 (KHTML, like Gecko) Chrome/137.0.0.0 Safari/537.36
Accept: text/html,application/xhtml+xml,application/xml;q=0.9,image/avif,image/webp,image/apng,*/*;q=0.8,application/signed-exchange;v=b3;q=0.7
Sec-Fetch-Site: none
Sec-Fetch-Mode: navigate
Sec-Fetch-User: ?1
Sec-Fetch-Dest: document
Accept-Encoding: gzip, deflate, br, zstd
Accept-Language: en-GB,en-US;q=0.9,en;q=0.8


[TIMESTAMP : 2025-07-01 13:28:18 ] PORT 8085: 
[TIMESTAMP : 2025-07-01 13:28:45 ] PORT 8085: GET / HTTP/1.1
Host: localhost:8085
Connection: keep-alive
sec-ch-ua: "Google Chrome";v="137", "Chromium";v="137", "Not/A)Brand";v="24"
sec-ch-ua-mobile: ?0
sec-ch-ua-platform: "macOS"
Upgrade-Insecure-Requests: 1
User-Agent: Mozilla/5.0 (Macintosh; Intel Mac OS X 10_15_7) AppleWebKit/537.36 (KHTML, like Gecko) Chrome/137.0.0.0 Safari/537.36
Sec-Purpose: prefetch;prerender
Purpose: prefetch
Accept: text/html,application/xhtml+xml,application/xml;q=0.9,image/avif,image/webp,image/apng,*/*;q=0.8,application/signed-exchange;v=b3;q=0.7
Sec-Fetch-Site: none
Sec-Fetch-Mode: navigate
Sec-Fetch-User: ?1
Sec-Fetch-Dest: document
Accept-Encoding: gzip, deflate, br, zstd
Accept-Language: en-GB,en-US;q=0.9,en;q=0.8


[TIMESTAMP : 2025-07-01 13:28:46 ] PORT 8085: GET / HTTP/1.1
Host: localhost:8085
Connection: keep-alive
sec-ch-ua: "Google Chrome";v="137", "Chromium";v="137", "Not/A)Brand";v="24"
sec-ch-ua-mobile: ?0
sec-ch-ua-platform: "macOS"
Upgrade-Insecure-Requests: 1
User-Agent: Mozilla/5.0 (Macintosh; Intel Mac OS X 10_15_7) AppleWebKit/537.36 (KHTML, like Gecko) Chrome/137.0.0.0 Safari/537.36
Accept: text/html,application/xhtml+xml,application/xml;q=0.9,image/avif,image/webp,image/apng,*/*;q=0.8,application/signed-exchange;v=b3;q=0.7
Sec-Fetch-Site: none
Sec-Fetch-Mode: navigate
Sec-Fetch-User: ?1
Sec-Fetch-Dest: document
Accept-Encoding: gzip, deflate, br, zstd
Accept-Language: en-GB,en-US;q=0.9,en;q=0.8


[TIMESTAMP : 2025-07-01 13:28:48 ] PORT 8085: GET / HTTP/1.1
Host: localhost:8085
Connection: keep-alive
Cache-Control: max-age=0
sec-ch-ua: "Google Chrome";v="137", "Chromium";v="137", "Not/A)Brand";v="24"
sec-ch-ua-mobile: ?0
sec-ch-ua-platform: "macOS"
Upgrade-Insecure-Requests: 1
User-Agent: Mozilla/5.0 (Macintosh; Intel Mac OS X 10_15_7) AppleWebKit/537.36 (KHTML, like Gecko) Chrome/137.0.0.0 Safari/537.36
Accept: text/html,application/xhtml+xml,application/xml;q=0.9,image/avif,image/webp,image/apng,*/*;q=0.8,application/signed-exchange;v=b3;q=0.7
Sec-Fetch-Site: none
Sec-Fetch-Mode: navigate
Sec-Fetch-User: ?1
Sec-Fetch-Dest: document
Accept-Encoding: gzip, deflate, br, zstd
Accept-Language: en-GB,en-US;q=0.9,en;q=0.8


[TIMESTAMP : 2025-07-01 13:28:48 ] PORT 8085: 
[TIMESTAMP : 2025-07-01 13:28:48 ] PORT 8085: 
[TIMESTAMP : 2025-07-01 13:29:05 ] PORT 8085: POST / HTTP/1.1
Host: localhost:8085
User-Agent: curl/8.7.1
Accept: */*
Content-Length: 6
Content-Type: application/x-www-form-urlencoded

CAIOOA
[TIMESTAMP : 2025-07-01 13:29:22 ] PORT 8085: GET / HTTP/1.1
Host: localhost:8085
User-Agent: curl/8.7.1
Accept: */*


[TIMESTAMP : 2025-07-01 17:16:26 ] PORT 8085: GET /index.html HTTP/1.1
Host: localhost:8085
Connection: keep-alive
sec-ch-ua: "Google Chrome";v="137", "Chromium";v="137", "Not/A)Brand";v="24"
sec-ch-ua-mobile: ?0
sec-ch-ua-platform: "macOS"
Upgrade-Insecure-Requests: 1
User-Agent: Mozilla/5.0 (Macintosh; Intel Mac OS X 10_15_7) AppleWebKit/537.36 (KHTML, like Gecko) Chrome/137.0.0.0 Safari/537.36
Accept: text/html,application/xhtml+xml,application/xml;q=0.9,image/avif,image/webp,image/apng,*/*;q=0.8,application/signed-exchange;v=b3;q=0.7
Sec-Fetch-Site: none
Sec-Fetch-Mode: navigate
Sec-Fetch-User: ?1
Sec-Fetch-Dest: document
Accept-Encoding: gzip, deflate, br, zstd
Accept-Language: en-GB,en-US;q=0.9,en;q=0.8


[TIMESTAMP : 2025-07-01 17:16:29 ] PORT 8085: 
[TIMESTAMP : 2025-07-01 17:18:22 ] PORT 8085: GET /index.html HTTP/1.1
Host: localhost:8085
Connection: keep-alive
Cache-Control: max-age=0
sec-ch-ua: "Google Chrome";v="137", "Chromium";v="137", "Not/A)Brand";v="24"
sec-ch-ua-mobile: ?0
sec-ch-ua-platform: "macOS"
Upgrade-Insecure-Requests: 1
User-Agent: Mozilla/5.0 (Macintosh; Intel Mac OS X 10_15_7) AppleWebKit/537.36 (KHTML, like Gecko) Chrome/137.0.0.0 Safari/537.36
Accept: text/html,application/xhtml+xml,application/xml;q=0.9,image/avif,image/webp,image/apng,*/*;q=0.8,application/signed-exchange;v=b3;q=0.7
Sec-Fetch-Site: none
Sec-Fetch-Mode: navigate
Sec-Fetch-User: ?1
Sec-Fetch-Dest: document
Accept-Encoding: gzip, deflate, br, zstd
Accept-Language: en-GB,en-US;q=0.9,en;q=0.8


[TIMESTAMP : 2025-07-01 17:18:23 ] PORT 8085: GET /index.html HTTP/1.1
Host: localhost:8085
Connection: keep-alive
Cache-Control: max-age=0
sec-ch-ua: "Google Chrome";v="137", "Chromium";v="137", "Not/A)Brand";v="24"
sec-ch-ua-mobile: ?0
sec-ch-ua-platform: "macOS"
Upgrade-Insecure-Requests: 1
User-Agent: Mozilla/5.0 (Macintosh; Intel Mac OS X 10_15_7) AppleWebKit/537.36 (KHTML, like Gecko) Chrome/137.0.0.0 Safari/537.36
Accept: text/html,application/xhtml+xml,application/xml;q=0.9,image/avif,image/webp,image/apng,*/*;q=0.8,application/signed-exchange;v=b3;q=0.7
Sec-Fetch-Site: none
Sec-Fetch-Mode: navigate
Sec-Fetch-User: ?1
Sec-Fetch-Dest: document
Accept-Encoding: gzip, deflate, br, zstd
Accept-Language: en-GB,en-US;q=0.9,en;q=0.8


[TIMESTAMP : 2025-07-01 17:18:24 ] PORT 8085: 
[TIMESTAMP : 2025-07-01 17:18:24 ] PORT 8085: 
[TIMESTAMP : 2025-07-01 17:18:57 ] PORT 8085: GET /index.html HTTP/1.1
Host: localhost:8085
Connection: keep-alive
Cache-Control: max-age=0
sec-ch-ua: "Google Chrome";v="137", "Chromium";v="137", "Not/A)Brand";v="24"
sec-ch-ua-mobile: ?0
sec-ch-ua-platform: "macOS"
Upgrade-Insecure-Requests: 1
User-Agent: Mozilla/5.0 (Macintosh; Intel Mac OS X 10_15_7) AppleWebKit/537.36 (KHTML, like Gecko) Chrome/137.0.0.0 Safari/537.36
Accept: text/html,application/xhtml+xml,application/xml;q=0.9,image/avif,image/webp,image/apng,*/*;q=0.8,application/signed-exchange;v=b3;q=0.7
Sec-Fetch-Site: none
Sec-Fetch-Mode: navigate
Sec-Fetch-User: ?1
Sec-Fetch-Dest: document
Accept-Encoding: gzip, deflate, br, zstd
Accept-Language: en-GB,en-US;q=0.9,en;q=0.8


[TIMESTAMP : 2025-07-01 17:18:58 ] PORT 8085: GET /index.html HTTP/1.1
Host: localhost:8085
Connection: keep-alive
Cache-Control: max-age=0
sec-ch-ua: "Google Chrome";v="137", "Chromium";v="137", "Not/A)Brand";v="24"
sec-ch-ua-mobile: ?0
sec-ch-ua-platform: "macOS"
Upgrade-Insecure-Requests: 1
User-Agent: Mozilla/5.0 (Macintosh; Intel Mac OS X 10_15_7) AppleWebKit/537.36 (KHTML, like Gecko) Chrome/137.0.0.0 Safari/537.36
Accept: text/html,application/xhtml+xml,application/xml;q=0.9,image/avif,image/webp,image/apng,*/*;q=0.8,application/signed-exchange;v=b3;q=0.7
Sec-Fetch-Site: none
Sec-Fetch-Mode: navigate
Sec-Fetch-User: ?1
Sec-Fetch-Dest: document
Accept-Encoding: gzip, deflate, br, zstd
Accept-Language: en-GB,en-US;q=0.9,en;q=0.8


[TIMESTAMP : 2025-07-01 17:18:59 ] PORT 8085: 
[TIMESTAMP : 2025-07-01 17:18:59 ] PORT 8085: 
[TIMESTAMP : 2025-07-01 17:19:05 ] PORT 8085: GET / HTTP/1.1
Host: localhost:8085
Connection: keep-alive
sec-ch-ua: "Google Chrome";v="137", "Chromium";v="137", "Not/A)Brand";v="24"
sec-ch-ua-mobile: ?0
sec-ch-ua-platform: "macOS"
Upgrade-Insecure-Requests: 1
User-Agent: Mozilla/5.0 (Macintosh; Intel Mac OS X 10_15_7) AppleWebKit/537.36 (KHTML, like Gecko) Chrome/137.0.0.0 Safari/537.36
Sec-Purpose: prefetch;prerender
Purpose: prefetch
Accept: text/html,application/xhtml+xml,application/xml;q=0.9,image/avif,image/webp,image/apng,*/*;q=0.8,application/signed-exchange;v=b3;q=0.7
Sec-Fetch-Site: none
Sec-Fetch-Mode: navigate
Sec-Fetch-User: ?1
Sec-Fetch-Dest: document
Accept-Encoding: gzip, deflate, br, zstd
Accept-Language: en-GB,en-US;q=0.9,en;q=0.8


[TIMESTAMP : 2025-07-01 17:19:09 ] PORT 8085: GET / HTTP/1.1
Host: localhost:8085
Connection: keep-alive
sec-ch-ua: "Google Chrome";v="137", "Chromium";v="137", "Not/A)Brand";v="24"
sec-ch-ua-mobile: ?0
sec-ch-ua-platform: "macOS"
Upgrade-Insecure-Requests: 1
User-Agent: Mozilla/5.0 (Macintosh; Intel Mac OS X 10_15_7) AppleWebKit/537.36 (KHTML, like Gecko) Chrome/137.0.0.0 Safari/537.36
Sec-Purpose: prefetch;prerender
Purpose: prefetch
Accept: text/html,application/xhtml+xml,application/xml;q=0.9,image/avif,image/webp,image/apng,*/*;q=0.8,application/signed-exchange;v=b3;q=0.7
Sec-Fetch-Site: none
Sec-Fetch-Mode: navigate
Sec-Fetch-User: ?1
Sec-Fetch-Dest: document
Accept-Encoding: gzip, deflate, br, zstd
Accept-Language: en-GB,en-US;q=0.9,en;q=0.8


[TIMESTAMP : 2025-07-01 17:19:09 ] PORT 8085: GET / HTTP/1.1
Host: localhost:8085
Connection: keep-alive
sec-ch-ua: "Google Chrome";v="137", "Chromium";v="137", "Not/A)Brand";v="24"
sec-ch-ua-mobile: ?0
sec-ch-ua-platform: "macOS"
Upgrade-Insecure-Requests: 1
User-Agent: Mozilla/5.0 (Macintosh; Intel Mac OS X 10_15_7) AppleWebKit/537.36 (KHTML, like Gecko) Chrome/137.0.0.0 Safari/537.36
Accept: text/html,application/xhtml+xml,application/xml;q=0.9,image/avif,image/webp,image/apng,*/*;q=0.8,application/signed-exchange;v=b3;q=0.7
Sec-Fetch-Site: none
Sec-Fetch-Mode: navigate
Sec-Fetch-User: ?1
Sec-Fetch-Dest: document
Accept-Encoding: gzip, deflate, br, zstd
Accept-Language: en-GB,en-US;q=0.9,en;q=0.8


[TIMESTAMP : 2025-07-01 17:19:14 ] PORT 8085: 
[TIMESTAMP : 2025-07-01 17:19:14 ] PORT 8085: 
[TIMESTAMP : 2025-07-01 17:19:50 ] PORT 8085: GET /index.html HTTP/1.1
Host: localhost:8085
Connection: keep-alive
sec-ch-ua: "Google Chrome";v="137", "Chromium";v="137", "Not/A)Brand";v="24"
sec-ch-ua-mobile: ?0
sec-ch-ua-platform: "macOS"
Upgrade-Insecure-Requests: 1
User-Agent: Mozilla/5.0 (Macintosh; Intel Mac OS X 10_15_7) AppleWebKit/537.36 (KHTML, like Gecko) Chrome/137.0.0.0 Safari/537.36
Accept: text/html,application/xhtml+xml,application/xml;q=0.9,image/avif,image/webp,image/apng,*/*;q=0.8,application/signed-exchange;v=b3;q=0.7
Sec-Fetch-Site: none
Sec-Fetch-Mode: navigate
Sec-Fetch-User: ?1
Sec-Fetch-Dest: document
Accept-Encoding: gzip, deflate, br, zstd
Accept-Language: en-GB,en-US;q=0.9,en;q=0.8


[TIMESTAMP : 2025-07-01 17:19:54 ] PORT 8085: 
[TIMESTAMP : 2025-07-01 17:19:54 ] PORT 8085: 
[TIMESTAMP : 2025-07-01 17:20:58 ] PORT 8085: GET /index.html HTTP/1.1
Host: localhost:8085
Connection: keep-alive
Cache-Control: max-age=0
sec-ch-ua: "Google Chrome";v="137", "Chromium";v="137", "Not/A)Brand";v="24"
sec-ch-ua-mobile: ?0
sec-ch-ua-platform: "macOS"
Upgrade-Insecure-Requests: 1
User-Agent: Mozilla/5.0 (Macintosh; Intel Mac OS X 10_15_7) AppleWebKit/537.36 (KHTML, like Gecko) Chrome/137.0.0.0 Safari/537.36
Accept: text/html,application/xhtml+xml,application/xml;q=0.9,image/avif,image/webp,image/apng,*/*;q=0.8,application/signed-exchange;v=b3;q=0.7
Sec-Fetch-Site: none
Sec-Fetch-Mode: navigate
Sec-Fetch-User: ?1
Sec-Fetch-Dest: document
Accept-Encoding: gzip, deflate, br, zstd
Accept-Language: en-GB,en-US;q=0.9,en;q=0.8


[TIMESTAMP : 2025-07-01 17:20:59 ] PORT 8085: 
[TIMESTAMP : 2025-07-01 17:20:59 ] PORT 8085: 
[TIMESTAMP : 2025-07-01 17:20:59 ] PORT 8085: GET /index.html HTTP/1.1
Host: localhost:8085
Connection: keep-alive
Cache-Control: max-age=0
sec-ch-ua: "Google Chrome";v="137", "Chromium";v="137", "Not/A)Brand";v="24"
sec-ch-ua-mobile: ?0
sec-ch-ua-platform: "macOS"
Upgrade-Insecure-Requests: 1
User-Agent: Mozilla/5.0 (Macintosh; Intel Mac OS X 10_15_7) AppleWebKit/537.36 (KHTML, like Gecko) Chrome/137.0.0.0 Safari/537.36
Accept: text/html,application/xhtml+xml,application/xml;q=0.9,image/avif,image/webp,image/apng,*/*;q=0.8,application/signed-exchange;v=b3;q=0.7
Sec-Fetch-Site: none
Sec-Fetch-Mode: navigate
Sec-Fetch-User: ?1
Sec-Fetch-Dest: document
Accept-Encoding: gzip, deflate, br, zstd
Accept-Language: en-GB,en-US;q=0.9,en;q=0.8


[TIMESTAMP : 2025-07-01 17:21:00 ] PORT 8085: GET /index.html HTTP/1.1
Host: localhost:8085
Connection: keep-alive
Cache-Control: max-age=0
sec-ch-ua: "Google Chrome";v="137", "Chromium";v="137", "Not/A)Brand";v="24"
sec-ch-ua-mobile: ?0
sec-ch-ua-platform: "macOS"
Upgrade-Insecure-Requests: 1
User-Agent: Mozilla/5.0 (Macintosh; Intel Mac OS X 10_15_7) AppleWebKit/537.36 (KHTML, like Gecko) Chrome/137.0.0.0 Safari/537.36
Accept: text/html,application/xhtml+xml,application/xml;q=0.9,image/avif,image/webp,image/apng,*/*;q=0.8,application/signed-exchange;v=b3;q=0.7
Sec-Fetch-Site: none
Sec-Fetch-Mode: navigate
Sec-Fetch-User: ?1
Sec-Fetch-Dest: document
Accept-Encoding: gzip, deflate, br, zstd
Accept-Language: en-GB,en-US;q=0.9,en;q=0.8


[TIMESTAMP : 2025-07-01 17:21:04 ] PORT 8085: 
[TIMESTAMP : 2025-07-01 17:21:04 ] PORT 8085: 
[TIMESTAMP : 2025-07-01 17:21:25 ] PORT 8085: GET /index.html HTTP/1.1
Host: localhost:8085
Connection: keep-alive
Cache-Control: max-age=0
sec-ch-ua: "Google Chrome";v="137", "Chromium";v="137", "Not/A)Brand";v="24"
sec-ch-ua-mobile: ?0
sec-ch-ua-platform: "macOS"
Upgrade-Insecure-Requests: 1
User-Agent: Mozilla/5.0 (Macintosh; Intel Mac OS X 10_15_7) AppleWebKit/537.36 (KHTML, like Gecko) Chrome/137.0.0.0 Safari/537.36
Accept: text/html,application/xhtml+xml,application/xml;q=0.9,image/avif,image/webp,image/apng,*/*;q=0.8,application/signed-exchange;v=b3;q=0.7
Sec-Fetch-Site: none
Sec-Fetch-Mode: navigate
Sec-Fetch-User: ?1
Sec-Fetch-Dest: document
Accept-Encoding: gzip, deflate, br, zstd
Accept-Language: en-GB,en-US;q=0.9,en;q=0.8


[TIMESTAMP : 2025-07-01 17:21:29 ] PORT 8085: 
[TIMESTAMP : 2025-07-01 17:21:29 ] PORT 8085: 
[TIMESTAMP : 2025-07-01 17:22:21 ] PORT 8085: GET /index.html HTTP/1.1
Host: localhost:8085
Connection: keep-alive
Cache-Control: max-age=0
sec-ch-ua: "Google Chrome";v="137", "Chromium";v="137", "Not/A)Brand";v="24"
sec-ch-ua-mobile: ?0
sec-ch-ua-platform: "macOS"
Upgrade-Insecure-Requests: 1
User-Agent: Mozilla/5.0 (Macintosh; Intel Mac OS X 10_15_7) AppleWebKit/537.36 (KHTML, like Gecko) Chrome/137.0.0.0 Safari/537.36
Accept: text/html,application/xhtml+xml,application/xml;q=0.9,image/avif,image/webp,image/apng,*/*;q=0.8,application/signed-exchange;v=b3;q=0.7
Sec-Fetch-Site: none
Sec-Fetch-Mode: navigate
Sec-Fetch-User: ?1
Sec-Fetch-Dest: document
Accept-Encoding: gzip, deflate, br, zstd
Accept-Language: en-GB,en-US;q=0.9,en;q=0.8


[TIMESTAMP : 2025-07-01 17:22:22 ] PORT 8085: GET /index.html HTTP/1.1
Host: localhost:8085
Connection: keep-alive
Cache-Control: max-age=0
sec-ch-ua: "Google Chrome";v="137", "Chromium";v="137", "Not/A)Brand";v="24"
sec-ch-ua-mobile: ?0
sec-ch-ua-platform: "macOS"
Upgrade-Insecure-Requests: 1
User-Agent: Mozilla/5.0 (Macintosh; Intel Mac OS X 10_15_7) AppleWebKit/537.36 (KHTML, like Gecko) Chrome/137.0.0.0 Safari/537.36
Accept: text/html,application/xhtml+xml,application/xml;q=0.9,image/avif,image/webp,image/apng,*/*;q=0.8,application/signed-exchange;v=b3;q=0.7
Sec-Fetch-Site: none
Sec-Fetch-Mode: navigate
Sec-Fetch-User: ?1
Sec-Fetch-Dest: document
Accept-Encoding: gzip, deflate, br, zstd
Accept-Language: en-GB,en-US;q=0.9,en;q=0.8


[TIMESTAMP : 2025-07-01 17:22:22 ] PORT 8085: GET /index.html HTTP/1.1
Host: localhost:8085
Connection: keep-alive
Cache-Control: max-age=0
sec-ch-ua: "Google Chrome";v="137", "Chromium";v="137", "Not/A)Brand";v="24"
sec-ch-ua-mobile: ?0
sec-ch-ua-platform: "macOS"
Upgrade-Insecure-Requests: 1
User-Agent: Mozilla/5.0 (Macintosh; Intel Mac OS X 10_15_7) AppleWebKit/537.36 (KHTML, like Gecko) Chrome/137.0.0.0 Safari/537.36
Accept: text/html,application/xhtml+xml,application/xml;q=0.9,image/avif,image/webp,image/apng,*/*;q=0.8,application/signed-exchange;v=b3;q=0.7
Sec-Fetch-Site: none
Sec-Fetch-Mode: navigate
Sec-Fetch-User: ?1
Sec-Fetch-Dest: document
Accept-Encoding: gzip, deflate, br, zstd
Accept-Language: en-GB,en-US;q=0.9,en;q=0.8


[TIMESTAMP : 2025-07-01 17:22:24 ] PORT 8085: 
[TIMESTAMP : 2025-07-01 17:23:49 ] PORT 8085: GET /index.html HTTP/1.1
Host: localhost:8085
Connection: keep-alive
sec-ch-ua: "Google Chrome";v="137", "Chromium";v="137", "Not/A)Brand";v="24"
sec-ch-ua-mobile: ?0
sec-ch-ua-platform: "macOS"
Upgrade-Insecure-Requests: 1
User-Agent: Mozilla/5.0 (Macintosh; Intel Mac OS X 10_15_7) AppleWebKit/537.36 (KHTML, like Gecko) Chrome/137.0.0.0 Safari/537.36
Accept: text/html,application/xhtml+xml,application/xml;q=0.9,image/avif,image/webp,image/apng,*/*;q=0.8,application/signed-exchange;v=b3;q=0.7
Sec-Fetch-Site: none
Sec-Fetch-Mode: navigate
Sec-Fetch-User: ?1
Sec-Fetch-Dest: document
Accept-Encoding: gzip, deflate, br, zstd
Accept-Language: en-GB,en-US;q=0.9,en;q=0.8


[TIMESTAMP : 2025-07-01 17:23:49 ] PORT 8085: 
[TIMESTAMP : 2025-07-01 17:23:49 ] PORT 8085: 
[TIMESTAMP : 2025-07-01 17:24:10 ] PORT 8085: GET /index.html HTTP/1.1
Host: localhost:8085
Connection: keep-alive
Cache-Control: max-age=0
sec-ch-ua: "Google Chrome";v="137", "Chromium";v="137", "Not/A)Brand";v="24"
sec-ch-ua-mobile: ?0
sec-ch-ua-platform: "macOS"
Upgrade-Insecure-Requests: 1
User-Agent: Mozilla/5.0 (Macintosh; Intel Mac OS X 10_15_7) AppleWebKit/537.36 (KHTML, like Gecko) Chrome/137.0.0.0 Safari/537.36
Accept: text/html,application/xhtml+xml,application/xml;q=0.9,image/avif,image/webp,image/apng,*/*;q=0.8,application/signed-exchange;v=b3;q=0.7
Sec-Fetch-Site: none
Sec-Fetch-Mode: navigate
Sec-Fetch-User: ?1
Sec-Fetch-Dest: document
Accept-Encoding: gzip, deflate, br, zstd
Accept-Language: en-GB,en-US;q=0.9,en;q=0.8


[TIMESTAMP : 2025-07-01 17:24:14 ] PORT 8085: 
[TIMESTAMP : 2025-07-01 17:24:14 ] PORT 8085: 
[TIMESTAMP : 2025-07-01 17:25:20 ] PORT 8085: GET /index.html HTTP/1.1
Host: localhost:8085
Connection: keep-alive
Cache-Control: max-age=0
sec-ch-ua: "Google Chrome";v="137", "Chromium";v="137", "Not/A)Brand";v="24"
sec-ch-ua-mobile: ?0
sec-ch-ua-platform: "macOS"
Upgrade-Insecure-Requests: 1
User-Agent: Mozilla/5.0 (Macintosh; Intel Mac OS X 10_15_7) AppleWebKit/537.36 (KHTML, like Gecko) Chrome/137.0.0.0 Safari/537.36
Accept: text/html,application/xhtml+xml,application/xml;q=0.9,image/avif,image/webp,image/apng,*/*;q=0.8,application/signed-exchange;v=b3;q=0.7
Sec-Fetch-Site: none
Sec-Fetch-Mode: navigate
Sec-Fetch-User: ?1
Sec-Fetch-Dest: document
Accept-Encoding: gzip, deflate, br, zstd
Accept-Language: en-GB,en-US;q=0.9,en;q=0.8


[TIMESTAMP : 2025-07-01 17:25:24 ] PORT 8085: 
[TIMESTAMP : 2025-07-01 17:25:25 ] PORT 8085: GET /index.html HTTP/1.1
Host: localhost:8085
Connection: keep-alive
sec-ch-ua: "Google Chrome";v="137", "Chromium";v="137", "Not/A)Brand";v="24"
sec-ch-ua-mobile: ?0
sec-ch-ua-platform: "macOS"
Upgrade-Insecure-Requests: 1
User-Agent: Mozilla/5.0 (Macintosh; Intel Mac OS X 10_15_7) AppleWebKit/537.36 (KHTML, like Gecko) Chrome/137.0.0.0 Safari/537.36
Accept: text/html,application/xhtml+xml,application/xml;q=0.9,image/avif,image/webp,image/apng,*/*;q=0.8,application/signed-exchange;v=b3;q=0.7
Sec-Fetch-Site: none
Sec-Fetch-Mode: navigate
Sec-Fetch-User: ?1
Sec-Fetch-Dest: document
Accept-Encoding: gzip, deflate, br, zstd
Accept-Language: en-GB,en-US;q=0.9,en;q=0.8


[TIMESTAMP : 2025-07-01 17:25:29 ] PORT 8085: 
[TIMESTAMP : 2025-07-01 17:25:29 ] PORT 8085: 
[TIMESTAMP : 2025-07-01 17:28:32 ] PORT 8085: GET /sonic HTTP/1.1
Host: localhost:8085
Connection: keep-alive
sec-ch-ua: "Google Chrome";v="137", "Chromium";v="137", "Not/A)Brand";v="24"
sec-ch-ua-mobile: ?0
sec-ch-ua-platform: "macOS"
Upgrade-Insecure-Requests: 1
User-Agent: Mozilla/5.0 (Macintosh; Intel Mac OS X 10_15_7) AppleWebKit/537.36 (KHTML, like Gecko) Chrome/137.0.0.0 Safari/537.36
Accept: text/html,application/xhtml+xml,application/xml;q=0.9,image/avif,image/webp,image/apng,*/*;q=0.8,application/signed-exchange;v=b3;q=0.7
Sec-Fetch-Site: none
Sec-Fetch-Mode: navigate
Sec-Fetch-User: ?1
Sec-Fetch-Dest: document
Accept-Encoding: gzip, deflate, br, zstd
Accept-Language: en-GB,en-US;q=0.9,en;q=0.8


[TIMESTAMP : 2025-07-01 17:28:33 ] PORT 8085: 
[TIMESTAMP : 2025-07-01 17:28:51 ] PORT 8085: GET /sonic.jpg HTTP/1.1
Host: localhost:8085
Connection: keep-alive
sec-ch-ua: "Google Chrome";v="137", "Chromium";v="137", "Not/A)Brand";v="24"
sec-ch-ua-mobile: ?0
sec-ch-ua-platform: "macOS"
Upgrade-Insecure-Requests: 1
User-Agent: Mozilla/5.0 (Macintosh; Intel Mac OS X 10_15_7) AppleWebKit/537.36 (KHTML, like Gecko) Chrome/137.0.0.0 Safari/537.36
Accept: text/html,application/xhtml+xml,application/xml;q=0.9,image/avif,image/webp,image/apng,*/*;q=0.8,application/signed-exchange;v=b3;q=0.7
Sec-Fetch-Site: none
Sec-Fetch-Mode: navigate
Sec-Fetch-User: ?1
Sec-Fetch-Dest: document
Accept-Encoding: gzip, deflate, br, zstd
Accept-Language: en-GB,en-US;q=0.9,en;q=0.8


[TIMESTAMP : 2025-07-01 17:28:53 ] PORT 8085: 
[TIMESTAMP : 2025-07-01 17:29:17 ] PORT 8085: GET /sonic.jpg HTTP/1.1
Host: localhost:8085
Connection: keep-alive
Cache-Control: max-age=0
sec-ch-ua: "Google Chrome";v="137", "Chromium";v="137", "Not/A)Brand";v="24"
sec-ch-ua-mobile: ?0
sec-ch-ua-platform: "macOS"
Upgrade-Insecure-Requests: 1
User-Agent: Mozilla/5.0 (Macintosh; Intel Mac OS X 10_15_7) AppleWebKit/537.36 (KHTML, like Gecko) Chrome/137.0.0.0 Safari/537.36
Accept: text/html,application/xhtml+xml,application/xml;q=0.9,image/avif,image/webp,image/apng,*/*;q=0.8,application/signed-exchange;v=b3;q=0.7
Sec-Fetch-Site: none
Sec-Fetch-Mode: navigate
Sec-Fetch-User: ?1
Sec-Fetch-Dest: document
Accept-Encoding: gzip, deflate, br, zstd
Accept-Language: en-GB,en-US;q=0.9,en;q=0.8


[TIMESTAMP : 2025-07-01 17:29:18 ] PORT 8085: 
[TIMESTAMP : 2025-07-01 17:29:18 ] PORT 8085: 
[TIMESTAMP : 2025-07-01 17:30:01 ] PORT 8085: GET /sonic.jpg HTTP/1.1
Host: localhost:8085
Connection: keep-alive
Cache-Control: max-age=0
sec-ch-ua: "Google Chrome";v="137", "Chromium";v="137", "Not/A)Brand";v="24"
sec-ch-ua-mobile: ?0
sec-ch-ua-platform: "macOS"
Upgrade-Insecure-Requests: 1
User-Agent: Mozilla/5.0 (Macintosh; Intel Mac OS X 10_15_7) AppleWebKit/537.36 (KHTML, like Gecko) Chrome/137.0.0.0 Safari/537.36
Accept: text/html,application/xhtml+xml,application/xml;q=0.9,image/avif,image/webp,image/apng,*/*;q=0.8,application/signed-exchange;v=b3;q=0.7
Sec-Fetch-Site: none
Sec-Fetch-Mode: navigate
Sec-Fetch-User: ?1
Sec-Fetch-Dest: document
Accept-Encoding: gzip, deflate, br, zstd
Accept-Language: en-GB,en-US;q=0.9,en;q=0.8


[TIMESTAMP : 2025-07-01 17:30:02 ] PORT 8085: GET /sonic.jpg HTTP/1.1
Host: localhost:8085
Connection: keep-alive
Cache-Control: max-age=0
sec-ch-ua: "Google Chrome";v="137", "Chromium";v="137", "Not/A)Brand";v="24"
sec-ch-ua-mobile: ?0
sec-ch-ua-platform: "macOS"
Upgrade-Insecure-Requests: 1
User-Agent: Mozilla/5.0 (Macintosh; Intel Mac OS X 10_15_7) AppleWebKit/537.36 (KHTML, like Gecko) Chrome/137.0.0.0 Safari/537.36
Accept: text/html,application/xhtml+xml,application/xml;q=0.9,image/avif,image/webp,image/apng,*/*;q=0.8,application/signed-exchange;v=b3;q=0.7
Sec-Fetch-Site: none
Sec-Fetch-Mode: navigate
Sec-Fetch-User: ?1
Sec-Fetch-Dest: document
Accept-Encoding: gzip, deflate, br, zstd
Accept-Language: en-GB,en-US;q=0.9,en;q=0.8


[TIMESTAMP : 2025-07-01 17:30:03 ] PORT 8085: 
[TIMESTAMP : 2025-07-01 17:31:07 ] PORT 8085: GET /sonic.jpg HTTP/1.1
Host: localhost:8085
Connection: keep-alive
Cache-Control: max-age=0
sec-ch-ua: "Google Chrome";v="137", "Chromium";v="137", "Not/A)Brand";v="24"
sec-ch-ua-mobile: ?0
sec-ch-ua-platform: "macOS"
Upgrade-Insecure-Requests: 1
User-Agent: Mozilla/5.0 (Macintosh; Intel Mac OS X 10_15_7) AppleWebKit/537.36 (KHTML, like Gecko) Chrome/137.0.0.0 Safari/537.36
Accept: text/html,application/xhtml+xml,application/xml;q=0.9,image/avif,image/webp,image/apng,*/*;q=0.8,application/signed-exchange;v=b3;q=0.7
Sec-Fetch-Site: none
Sec-Fetch-Mode: navigate
Sec-Fetch-User: ?1
Sec-Fetch-Dest: document
Accept-Encoding: gzip, deflate, br, zstd
Accept-Language: en-GB,en-US;q=0.9,en;q=0.8


[TIMESTAMP : 2025-07-01 17:31:08 ] PORT 8085: 
[TIMESTAMP : 2025-07-01 17:31:32 ] PORT 8085: GET /index.html HTTP/1.1
Host: localhost:8085
Connection: keep-alive
sec-ch-ua: "Google Chrome";v="137", "Chromium";v="137", "Not/A)Brand";v="24"
sec-ch-ua-mobile: ?0
sec-ch-ua-platform: "macOS"
Upgrade-Insecure-Requests: 1
User-Agent: Mozilla/5.0 (Macintosh; Intel Mac OS X 10_15_7) AppleWebKit/537.36 (KHTML, like Gecko) Chrome/137.0.0.0 Safari/537.36
Sec-Purpose: prefetch;prerender
Purpose: prefetch
Accept: text/html,application/xhtml+xml,application/xml;q=0.9,image/avif,image/webp,image/apng,*/*;q=0.8,application/signed-exchange;v=b3;q=0.7
Sec-Fetch-Site: none
Sec-Fetch-Mode: navigate
Sec-Fetch-User: ?1
Sec-Fetch-Dest: document
Accept-Encoding: gzip, deflate, br, zstd
Accept-Language: en-GB,en-US;q=0.9,en;q=0.8


[TIMESTAMP : 2025-07-01 17:31:32 ] PORT 8085: GET /index.html HTTP/1.1
Host: localhost:8085
Connection: keep-alive
sec-ch-ua: "Google Chrome";v="137", "Chromium";v="137", "Not/A)Brand";v="24"
sec-ch-ua-mobile: ?0
sec-ch-ua-platform: "macOS"
Upgrade-Insecure-Requests: 1
User-Agent: Mozilla/5.0 (Macintosh; Intel Mac OS X 10_15_7) AppleWebKit/537.36 (KHTML, like Gecko) Chrome/137.0.0.0 Safari/537.36
Accept: text/html,application/xhtml+xml,application/xml;q=0.9,image/avif,image/webp,image/apng,*/*;q=0.8,application/signed-exchange;v=b3;q=0.7
Sec-Fetch-Site: none
Sec-Fetch-Mode: navigate
Sec-Fetch-User: ?1
Sec-Fetch-Dest: document
Accept-Encoding: gzip, deflate, br, zstd
Accept-Language: en-GB,en-US;q=0.9,en;q=0.8


[TIMESTAMP : 2025-07-01 17:31:33 ] PORT 8085: 
[TIMESTAMP : 2025-07-01 17:31:38 ] PORT 8085: GET /index.html HTTP/1.1
Host: localhost:8085
Connection: keep-alive
Cache-Control: max-age=0
sec-ch-ua: "Google Chrome";v="137", "Chromium";v="137", "Not/A)Brand";v="24"
sec-ch-ua-mobile: ?0
sec-ch-ua-platform: "macOS"
Upgrade-Insecure-Requests: 1
User-Agent: Mozilla/5.0 (Macintosh; Intel Mac OS X 10_15_7) AppleWebKit/537.36 (KHTML, like Gecko) Chrome/137.0.0.0 Safari/537.36
Accept: text/html,application/xhtml+xml,application/xml;q=0.9,image/avif,image/webp,image/apng,*/*;q=0.8,application/signed-exchange;v=b3;q=0.7
Sec-Fetch-Site: none
Sec-Fetch-Mode: navigate
Sec-Fetch-User: ?1
Sec-Fetch-Dest: document
Accept-Encoding: gzip, deflate, br, zstd
Accept-Language: en-GB,en-US;q=0.9,en;q=0.8


[TIMESTAMP : 2025-07-01 17:31:38 ] PORT 8085: 
[TIMESTAMP : 2025-07-01 17:31:45 ] PORT 8085: GET /soni.jpg HTTP/1.1
Host: localhost:8085
Connection: keep-alive
sec-ch-ua: "Google Chrome";v="137", "Chromium";v="137", "Not/A)Brand";v="24"
sec-ch-ua-mobile: ?0
sec-ch-ua-platform: "macOS"
Upgrade-Insecure-Requests: 1
User-Agent: Mozilla/5.0 (Macintosh; Intel Mac OS X 10_15_7) AppleWebKit/537.36 (KHTML, like Gecko) Chrome/137.0.0.0 Safari/537.36
Accept: text/html,application/xhtml+xml,application/xml;q=0.9,image/avif,image/webp,image/apng,*/*;q=0.8,application/signed-exchange;v=b3;q=0.7
Sec-Fetch-Site: none
Sec-Fetch-Mode: navigate
Sec-Fetch-User: ?1
Sec-Fetch-Dest: document
Accept-Encoding: gzip, deflate, br, zstd
Accept-Language: en-GB,en-US;q=0.9,en;q=0.8


[TIMESTAMP : 2025-07-01 17:31:48 ] PORT 8085: 
[TIMESTAMP : 2025-07-01 17:31:48 ] PORT 8085: 
[TIMESTAMP : 2025-07-01 17:31:50 ] PORT 8085: GET /sonic.jpg HTTP/1.1
Host: localhost:8085
Connection: keep-alive
sec-ch-ua: "Google Chrome";v="137", "Chromium";v="137", "Not/A)Brand";v="24"
sec-ch-ua-mobile: ?0
sec-ch-ua-platform: "macOS"
Upgrade-Insecure-Requests: 1
User-Agent: Mozilla/5.0 (Macintosh; Intel Mac OS X 10_15_7) AppleWebKit/537.36 (KHTML, like Gecko) Chrome/137.0.0.0 Safari/537.36
Accept: text/html,application/xhtml+xml,application/xml;q=0.9,image/avif,image/webp,image/apng,*/*;q=0.8,application/signed-exchange;v=b3;q=0.7
Sec-Fetch-Site: none
Sec-Fetch-Mode: navigate
Sec-Fetch-User: ?1
Sec-Fetch-Dest: document
Accept-Encoding: gzip, deflate, br, zstd
Accept-Language: en-GB,en-US;q=0.9,en;q=0.8


[TIMESTAMP : 2025-07-01 17:31:53 ] PORT 8085: 
[TIMESTAMP : 2025-07-01 17:32:20 ] PORT 8085: GET / HTTP/1.1
Host: localhost:8085
Connection: keep-alive
sec-ch-ua: "Google Chrome";v="137", "Chromium";v="137", "Not/A)Brand";v="24"
sec-ch-ua-mobile: ?0
sec-ch-ua-platform: "macOS"
Upgrade-Insecure-Requests: 1
User-Agent: Mozilla/5.0 (Macintosh; Intel Mac OS X 10_15_7) AppleWebKit/537.36 (KHTML, like Gecko) Chrome/137.0.0.0 Safari/537.36
Sec-Purpose: prefetch;prerender
Purpose: prefetch
Accept: text/html,application/xhtml+xml,application/xml;q=0.9,image/avif,image/webp,image/apng,*/*;q=0.8,application/signed-exchange;v=b3;q=0.7
Sec-Fetch-Site: none
Sec-Fetch-Mode: navigate
Sec-Fetch-User: ?1
Sec-Fetch-Dest: document
Accept-Encoding: gzip, deflate, br, zstd
Accept-Language: en-GB,en-US;q=0.9,en;q=0.8


